[debug] [2018-05-02T18:56:08.295Z] ----------------------------------------------------------------------
[debug] [2018-05-02T18:56:08.297Z] Command:       C:\Program Files\nodejs\node.exe C:\Users\Kendrick\AppData\Roaming\npm\node_modules\firebase-tools\bin\firebase serve
[debug] [2018-05-02T18:56:08.297Z] CLI Version:   3.18.4
[debug] [2018-05-02T18:56:08.297Z] Platform:      win32
[debug] [2018-05-02T18:56:08.297Z] Node Version:  v8.9.4
[debug] [2018-05-02T18:56:08.298Z] Time:          Wed May 02 2018 11:56:08 GMT-0700 (Pacific Daylight Time)
[debug] [2018-05-02T18:56:08.298Z] ----------------------------------------------------------------------
[debug] 
[debug] [2018-05-02T18:56:08.313Z] > command requires scopes: ["email","openid","https://www.googleapis.com/auth/cloudplatformprojects.readonly","https://www.googleapis.com/auth/firebase","https://www.googleapis.com/auth/cloud-platform"]
[debug] [2018-05-02T18:56:08.313Z] > authorizing via signed-in user
[debug] [2018-05-02T18:56:08.315Z] > refreshing access token with scopes: ["email","https://www.googleapis.com/auth/cloud-platform","https://www.googleapis.com/auth/cloudplatformprojects.readonly","https://www.googleapis.com/auth/firebase","openid"]
[debug] [2018-05-02T18:56:08.315Z] >>> HTTP REQUEST POST https://www.googleapis.com/oauth2/v3/token  
 { refresh_token: '1/CfpKKFw5DdDti0jFYm6TfpsQmJi31xRiJzQl9fMMAI8',
  client_id: '563584335869-fgrhgmd47bqnekij5i8b5pr03ho849e6.apps.googleusercontent.com',
  client_secret: 'j9iVZfS8kkCEFUPaAeJV0sAi',
  grant_type: 'refresh_token',
  scope: 'email https://www.googleapis.com/auth/cloud-platform https://www.googleapis.com/auth/cloudplatformprojects.readonly https://www.googleapis.com/auth/firebase openid' } 
 Wed May 02 2018 11:56:08 GMT-0700 (Pacific Daylight Time)
[debug] [2018-05-02T18:56:08.636Z] <<< HTTP RESPONSE 200
[debug] [2018-05-02T18:56:08.642Z] >>> HTTP REQUEST GET https://admin.firebase.com/v1/projects/cse190sp18  
  
 Wed May 02 2018 11:56:08 GMT-0700 (Pacific Daylight Time)
[debug] [2018-05-02T18:56:09.181Z] <<< HTTP RESPONSE 200
[debug] [2018-05-02T18:56:09.183Z] >>> HTTP REQUEST GET https://admin.firebase.com/v1/database/cse190sp18/tokens  
  
 Wed May 02 2018 11:56:09 GMT-0700 (Pacific Daylight Time)
[debug] [2018-05-02T18:56:09.899Z] <<< HTTP RESPONSE 200
[debug] [2018-05-02T18:56:09.901Z] >>> HTTP REQUEST GET https://cloudresourcemanager.googleapis.com/v1/projects/cse190sp18  
  
 Wed May 02 2018 11:56:09 GMT-0700 (Pacific Daylight Time)
[debug] [2018-05-02T18:56:10.383Z] <<< HTTP RESPONSE 200
[info] 
[info] === Serving from 'C:\Users\Kendrick\Documents\GitHub\cse190sp18'...
[info] 
[debug] [2018-05-02T18:56:10.391Z] >>> HTTP REQUEST GET https://mobilesdk-pa.googleapis.com/v1/projects/877547933103/clients/_:getWebAppConfig  
  
 Wed May 02 2018 11:56:10 GMT-0700 (Pacific Daylight Time)
[debug] [2018-05-02T18:56:11.651Z] <<< HTTP RESPONSE 200
[info] i  hosting: Serving hosting files from: public
[info] +  hosting: Local server: http://localhost:5000

